<?xml version="1.0" encoding="utf-8" standalone="no"?>
<test-results xmlns:xsi="http://www.w3.org/2001/XMLSchema-instance" xsi:noNamespaceSchemaLocation="nunit_schema_2.5.xsd" name="Pester" total="6" errors="0" failures="0" not-run="0" inconclusive="0" ignored="0" skipped="0" invalid="0" date="2021-11-08" time="19:49:18">
  <environment clr-version="4.0.30319.42000" user-domain="APPVEYOR-VM" cwd="C:\projects\j81-testmodule" platform="Microsoft Windows Server 2019 Datacenter|C:\Windows|\Device\Harddisk0\Partition4" machine-name="APPVEYOR-VM" nunit-version="2.5.8.0" os-version="10.0.17763" user="appveyor" />
  <culture-info current-culture="en-US" current-uiculture="en-US" />
  <test-suite type="TestFixture" name="Pester" executed="True" result="Success" success="True" time="5.6297" asserts="0" description="Pester">
    <results>
      <test-suite type="TestFixture" name="C:\projects\j81-testmodule\tests\J81.TestModule.tests.ps1" executed="True" result="Success" success="True" time="5.6297" asserts="0" description="C:\projects\j81-testmodule\tests\J81.TestModule.tests.ps1">
        <results>
          <test-suite type="TestFixture" name="General project validation" executed="True" result="Success" success="True" time="2.4715" asserts="0" description="General project validation">
            <results>
              <test-suite type="ParameterizedTest" name="General project validation.Script &lt;file.Name&gt; should be valid PowerShell" executed="True" result="Success" success="True" time="1.3365" asserts="0" description="Script &lt;file.Name&gt; should be valid PowerShell">
                <results>
                  <test-case description="Script Get-TestFunction.ps1 should be valid PowerShell" name="General project validation.Script Get-TestFunction.ps1 should be valid PowerShell" time="1.3365" asserts="0" success="True" result="Success" executed="True" />
                </results>
              </test-suite>
              <test-suite type="ParameterizedTest" name="General project validation.Script &lt;file.Name&gt; should pass ScriptAnalyzer" executed="True" result="Success" success="True" time="0.5042" asserts="0" description="Script &lt;file.Name&gt; should pass ScriptAnalyzer">
                <results>
                  <test-case description="Script Get-TestFunction.ps1 should pass ScriptAnalyzer" name="General project validation.Script Get-TestFunction.ps1 should pass ScriptAnalyzer" time="0.5042" asserts="0" success="True" result="Success" executed="True" />
                </results>
              </test-suite>
            </results>
          </test-suite>
          <test-suite type="TestFixture" name="Module Function validation" executed="True" result="Success" success="True" time="2.6001" asserts="0" description="Module Function validation">
            <results>
              <test-suite type="ParameterizedTest" name="Module Function validation.Script &lt;file.Name&gt; should only contain one function" executed="True" result="Success" success="True" time="0.0469" asserts="0" description="Script &lt;file.Name&gt; should only contain one function">
                <results>
                  <test-case description="Script Get-TestFunction.ps1 should only contain one function" name="Module Function validation.Script Get-TestFunction.ps1 should only contain one function" time="0.0469" asserts="0" success="True" result="Success" executed="True" />
                </results>
              </test-suite>
              <test-suite type="ParameterizedTest" name="Module Function validation.Script &lt;file.Name&gt; should match function name" executed="True" result="Success" success="True" time="0.0613" asserts="0" description="Script &lt;file.Name&gt; should match function name">
                <results>
                  <test-case description="Script Get-TestFunction.ps1 should match function name" name="Module Function validation.Script Get-TestFunction.ps1 should match function name" time="0.0613" asserts="0" success="True" result="Success" executed="True" />
                </results>
              </test-suite>
            </results>
          </test-suite>
          <test-suite type="TestFixture" name="Module Metadata validation" executed="True" result="Success" success="True" time="2.7726" asserts="0" description="Module Metadata validation">
            <results>
              <test-case description="Script fileinfo should be OK" name="Module Metadata validation.Script fileinfo should be OK" time="0.13" asserts="0" success="True" result="Success" executed="True" />
              <test-case description="Import module should be OK" name="Module Metadata validation.Import module should be OK" time="0.03" asserts="0" success="True" result="Success" executed="True" />
            </results>
          </test-suite>
        </results>
      </test-suite>
    </results>
  </test-suite>
</test-results>